
> pomoru@0.1.0 build
> next build

▲ Next.js 16.1.6 (Turbopack)
- Environments: .env

  Creating an optimized production build ...
✓ Compiled successfully in 1696.7ms
  Running TypeScript ...
  Collecting page data using 7 workers ...
  Generating static pages using 7 workers (0/13) ...
  Generating static pages using 7 workers (3/13) 
  Generating static pages using 7 workers (6/13) 
prisma:query SELECT COUNT(*) AS "_count$_all" FROM (SELECT "public"."User"."id" FROM "public"."User" WHERE 1=1 OFFSET $1) AS "sub"
  Generating static pages using 7 workers (9/13) 
✓ Generating static pages using 7 workers (13/13) in 636.5ms
  Finalizing page optimization ...

Route (app)                  Revalidate  Expire
┌ ○ /
├ ○ /_not-found
├ ○ /about
├ ƒ /api/auth/[...nextauth]
├ ○ /api/stats/count                 1m      1y
├ ○ /auth/signin
├ ○ /early-access
├ ○ /pricing
├ ○ /privacy
├ ○ /stats
├ ○ /tasks
└ ○ /terms


○  (Static)   prerendered as static content
ƒ  (Dynamic)  server-rendered on demand

