
> Build error occurred
Error: Turbopack build failed with 1 errors:
./src/app/tasks/page.tsx:8:10
Ecmascript file had an error
[0m [90m  6 |[39m [36mimport[39m { useState[33m,[39m useEffect } [36mfrom[39m [32m"react"[39m[33m;[39m
 [90m  7 |[39m [36mimport[39m { [33mArrowLeft[39m[33m,[39m [33mCheckCircle2[39m[33m,[39m [33mPlus[39m[33m,[39m [33mSearch[39m[33m,[39m [33mTag[39m[33m,[39m [33mLock[39m } [36mfrom[39m [32m"lucide-react"[39m[33m;[39m
[31m[1m>[22m[39m[90m  8 |[39m [36mimport[39m { useState } [36mfrom[39m [32m"react"[39m[33m;[39m
 [90m    |[39m          [31m[1m^[22m[39m[31m[1m^[22m[39m[31m[1m^[22m[39m[31m[1m^[22m[39m[31m[1m^[22m[39m[31m[1m^[22m[39m[31m[1m^[22m[39m[31m[1m^[22m[39m
 [90m  9 |[39m [36mimport[39m { useSession } [36mfrom[39m [32m"next-auth/react"[39m[33m;[39m
 [90m 10 |[39m [36mimport[39m { hasAccess } [36mfrom[39m [32m"@/lib/auth-helpers"[39m[33m;[39m
 [90m 11 |[39m [36mimport[39m { [33mPlan[39m } [36mfrom[39m [32m"@prisma/client"[39m[33m;[39m[0m

the name `useState` is defined multiple times

Import traces:
  Client Component Browser:
    ./src/app/tasks/page.tsx [Client Component Browser]
    ./src/app/tasks/page.tsx [Server Component]

  Client Component SSR:
    ./src/app/tasks/page.tsx [Client Component SSR]
    ./src/app/tasks/page.tsx [Server Component]


    at <unknown> (./src/app/tasks/page.tsx:8:10)
